This file contains any messages produced by compilers while
running configure, to aid debugging if configure makes a mistake.

It was created by xosd configure 2.2.14, which was
generated by GNU Autoconf 2.59.  Invocation command line was

  $ ./configure --no-create --no-recursion

## --------- ##
## Platform. ##
## --------- ##

hostname = nudelholz.site
uname -m = i686
uname -r = 3.1.10-1.9-desktop
uname -s = Linux
uname -v = #1 SMP PREEMPT Thu Apr 5 18:48:38 UTC 2012 (4a97ec8)

/usr/bin/uname -p = unknown
/bin/uname -X     = unknown

/bin/arch              = i686
/usr/bin/arch -k       = unknown
/usr/convex/getsysinfo = unknown
hostinfo               = unknown
/bin/machine           = unknown
/usr/bin/oslevel       = unknown
/bin/universe          = unknown

PATH: /home/elchaschab/bin
PATH: /usr/local/bin
PATH: /usr/bin
PATH: /bin
PATH: /usr/bin/X11
PATH: /usr/X11R6/bin
PATH: /usr/games
PATH: /opt/kde3/bin
PATH: /usr/lib/mit/bin
PATH: /usr/lib/mit/sbin
PATH: /home/elchaschab/sbin/
PATH: /usr/sbin/
PATH: /sbin/
PATH: /home/elchaschab/bin/
PATH: /home/elchaschab/sbin/


## ----------- ##
## Core tests. ##
## ----------- ##

configure:1424: loading site script /usr/share/site/i686-pc-linux-gnu
| #!/bin/sh
| # Site script for configure. It is resourced via \$CONFIG_SITE environment varaible.
| 
| # If user did not specify libexecdir, guess the correct target:
| # Nor FHS nor openSUSE allow prefix/libexec. Let's default to prefix/lib.
| 
| libexecdir='${exec_prefix}/lib'
| 
| # Continue with the standard behavior of configure defined in AC_SITE_LOAD:
| if test "x$prefix" != xNONE; then
| 	ac_site_file1=$prefix/share/config.site
| 	ac_site_file2=$prefix/etc/config.site
| else
| 	ac_site_file1=$ac_default_prefix/share/config.site
| 	ac_site_file2=$ac_default_prefix/etc/config.site
| fi
| for ac_site_file in "$ac_site_file1" "$ac_site_file2"
| do
| 	test "x$ac_site_file" = xNONE && continue
| 	if test /dev/null != "$ac_site_file" && test -r "$ac_site_file"; then
| 		{ $as_echo "/usr/share/site/i686-pc-linux-gnu:${as_lineno-$LINENO}: loading site script $ac_site_file" >&5
| $as_echo "/usr/share/site/i686-pc-linux-gnu: loading site script $ac_site_file" >&6;}
| 		sed 's/^/| /' "$ac_site_file" >&5
| 		. "$ac_site_file" \
| 			|| { { $as_echo "/usr/share/site/i686-pc-linux-gnu:${as_lineno-$LINENO}: error: in \`$ac_pwd':" >&5
| $as_echo "/usr/share/site/i686-pc-linux-gnu: error: in \`$ac_pwd':" >&2;}
| as_fn_error $? "failed to load site script $ac_site_file
| See \`config.log' for more details" "$LINENO" 5; }
| 	fi
| done
configure:1571: checking for a BSD-compatible install
configure:1626: result: /usr/bin/install -c
configure:1637: checking whether build environment is sane
configure:1680: result: yes
configure:1745: checking for gawk
configure:1761: found /usr/bin/gawk
configure:1771: result: gawk
configure:1781: checking whether make sets $(MAKE)
configure:1801: result: yes
configure:1971: checking whether to enable maintainer-specific portions of Makefiles
configure:1980: result: no
configure:2042: checking for gcc
configure:2058: found /usr/bin/gcc
configure:2068: result: gcc
configure:2312: checking for C compiler version
configure:2315: gcc --version </dev/null >&5
gcc (SUSE Linux) 4.6.2
Copyright (C) 2011 Free Software Foundation, Inc.
This is free software; see the source for copying conditions.  There is NO
warranty; not even for MERCHANTABILITY or FITNESS FOR A PARTICULAR PURPOSE.

configure:2318: $? = 0
configure:2320: gcc -v </dev/null >&5
Using built-in specs.
COLLECT_GCC=gcc
COLLECT_LTO_WRAPPER=/usr/lib/gcc/i586-suse-linux/4.6/lto-wrapper
Target: i586-suse-linux
Configured with: ../configure --prefix=/usr --infodir=/usr/share/info --mandir=/usr/share/man --libdir=/usr/lib --libexecdir=/usr/lib --enable-languages=c,c++,objc,fortran,obj-c++,java,ada --enable-checking=release --with-gxx-include-dir=/usr/include/c++/4.6 --enable-ssp --disable-libssp --disable-plugin --with-bugurl=http://bugs.opensuse.org/ --with-pkgversion='SUSE Linux' --disable-libgcj --disable-libmudflap --with-slibdir=/lib --with-system-zlib --enable-__cxa_atexit --enable-libstdcxx-allocator=new --disable-libstdcxx-pch --enable-version-specific-runtime-libs --program-suffix=-4.6 --enable-linux-futex --without-system-libunwind --with-arch-32=i586 --with-tune=generic --build=i586-suse-linux
Thread model: posix
gcc version 4.6.2 (SUSE Linux) 
configure:2323: $? = 0
configure:2325: gcc -V </dev/null >&5
gcc: error: unrecognized option '-V'
gcc: fatal error: no input files
compilation terminated.
configure:2328: $? = 1
configure:2351: checking for C compiler default output file name
configure:2354: gcc    conftest.c  >&5
configure:2357: $? = 0
configure:2403: result: a.out
configure:2408: checking whether the C compiler works
configure:2414: ./a.out
configure:2417: $? = 0
configure:2434: result: yes
configure:2441: checking whether we are cross compiling
configure:2443: result: no
configure:2446: checking for suffix of executables
configure:2448: gcc -o conftest    conftest.c  >&5
configure:2451: $? = 0
configure:2476: result: 
configure:2482: checking for suffix of object files
configure:2503: gcc -c   conftest.c >&5
configure:2506: $? = 0
configure:2528: result: o
configure:2532: checking whether we are using the GNU C compiler
configure:2556: gcc -c   conftest.c >&5
configure:2562: $? = 0
configure:2566: test -z 
			 || test ! -s conftest.err
configure:2569: $? = 0
configure:2572: test -s conftest.o
configure:2575: $? = 0
configure:2588: result: yes
configure:2594: checking whether gcc accepts -g
configure:2615: gcc -c -g  conftest.c >&5
configure:2621: $? = 0
configure:2625: test -z 
			 || test ! -s conftest.err
configure:2628: $? = 0
configure:2631: test -s conftest.o
configure:2634: $? = 0
configure:2645: result: yes
configure:2662: checking for gcc option to accept ANSI C
configure:2732: gcc  -c -g -O2  conftest.c >&5
configure:2738: $? = 0
configure:2742: test -z 
			 || test ! -s conftest.err
configure:2745: $? = 0
configure:2748: test -s conftest.o
configure:2751: $? = 0
configure:2769: result: none needed
configure:2787: gcc -c -g -O2  conftest.c >&5
conftest.c:2:3: error: unknown type name 'choke'
conftest.c:2:3: error: expected '=', ',', ';', 'asm' or '__attribute__' at end of input
configure:2793: $? = 1
configure: failed program was:
| #ifndef __cplusplus
|   choke me
| #endif
configure:2937: checking for style of include used by make
configure:2965: result: GNU
configure:2993: checking dependency style of gcc
configure:3083: result: gcc3
configure:3113: checking for a BSD-compatible install
configure:3168: result: /usr/bin/install -c
configure:3179: checking whether ln -s works
configure:3183: result: yes
configure:3268: checking build system type
configure:3286: result: i686-pc-linux-gnu
configure:3294: checking host system type
configure:3308: result: i686-pc-linux-gnu
configure:3316: checking for a sed that does not truncate output
configure:3370: result: /usr/bin/sed
configure:3373: checking for egrep
configure:3383: result: grep -E
configure:3399: checking for ld used by gcc
configure:3466: result: /usr/i586-suse-linux/bin/ld
configure:3475: checking if the linker (/usr/i586-suse-linux/bin/ld) is GNU ld
configure:3490: result: yes
configure:3495: checking for /usr/i586-suse-linux/bin/ld option to reload object files
configure:3502: result: -r
configure:3511: checking for BSD-compatible nm
configure:3553: result: /usr/bin/nm -B
configure:3557: checking how to recognise dependent libraries
configure:3740: result: pass_all
configure:3954: checking how to run the C preprocessor
configure:3989: gcc -E  conftest.c
configure:3995: $? = 0
configure:4027: gcc -E  conftest.c
conftest.c:9:28: fatal error: ac_nonexistent.h: No such file or directory
compilation terminated.
configure:4033: $? = 1
configure: failed program was:
| /* confdefs.h.  */
| 
| #define PACKAGE_NAME "xosd"
| #define PACKAGE_TARNAME "xosd"
| #define PACKAGE_VERSION "2.2.14"
| #define PACKAGE_STRING "xosd 2.2.14"
| #define PACKAGE_BUGREPORT ""
| /* end confdefs.h.  */
| #include <ac_nonexistent.h>
configure:4072: result: gcc -E
configure:4096: gcc -E  conftest.c
configure:4102: $? = 0
configure:4134: gcc -E  conftest.c
conftest.c:9:28: fatal error: ac_nonexistent.h: No such file or directory
compilation terminated.
configure:4140: $? = 1
configure: failed program was:
| /* confdefs.h.  */
| 
| #define PACKAGE_NAME "xosd"
| #define PACKAGE_TARNAME "xosd"
| #define PACKAGE_VERSION "2.2.14"
| #define PACKAGE_STRING "xosd 2.2.14"
| #define PACKAGE_BUGREPORT ""
| /* end confdefs.h.  */
| #include <ac_nonexistent.h>
configure:4184: checking for ANSI C header files
configure:4209: gcc -c -g -O2  conftest.c >&5
configure:4215: $? = 0
configure:4219: test -z 
			 || test ! -s conftest.err
configure:4222: $? = 0
configure:4225: test -s conftest.o
configure:4228: $? = 0
configure:4317: gcc -o conftest -g -O2   conftest.c  >&5
conftest.c: In function 'main':
conftest.c:26:7: warning: incompatible implicit declaration of built-in function 'exit' [enabled by default]
configure:4320: $? = 0
configure:4322: ./conftest
configure:4325: $? = 0
configure:4340: result: yes
configure:4364: checking for sys/types.h
configure:4380: gcc -c -g -O2  conftest.c >&5
configure:4386: $? = 0
configure:4390: test -z 
			 || test ! -s conftest.err
configure:4393: $? = 0
configure:4396: test -s conftest.o
configure:4399: $? = 0
configure:4410: result: yes
configure:4364: checking for sys/stat.h
configure:4380: gcc -c -g -O2  conftest.c >&5

## ---------------- ##
## Cache variables. ##
## ---------------- ##

ac_cv_build=i686-pc-linux-gnu
ac_cv_build_alias=i686-pc-linux-gnu
ac_cv_c_compiler_gnu=yes
ac_cv_env_CC_set=
ac_cv_env_CC_value=
ac_cv_env_CFLAGS_set=
ac_cv_env_CFLAGS_value=
ac_cv_env_CPPFLAGS_set=
ac_cv_env_CPPFLAGS_value=
ac_cv_env_CPP_set=
ac_cv_env_CPP_value=
ac_cv_env_CXXCPP_set=
ac_cv_env_CXXCPP_value=
ac_cv_env_CXXFLAGS_set=
ac_cv_env_CXXFLAGS_value=
ac_cv_env_CXX_set=
ac_cv_env_CXX_value=
ac_cv_env_F77_set=
ac_cv_env_F77_value=
ac_cv_env_FFLAGS_set=
ac_cv_env_FFLAGS_value=
ac_cv_env_LDFLAGS_set=
ac_cv_env_LDFLAGS_value=
ac_cv_env_build_alias_set=
ac_cv_env_build_alias_value=
ac_cv_env_host_alias_set=
ac_cv_env_host_alias_value=
ac_cv_env_target_alias_set=
ac_cv_env_target_alias_value=
ac_cv_exeext=
ac_cv_header_stdc=yes
ac_cv_header_sys_types_h=yes
ac_cv_host=i686-pc-linux-gnu
ac_cv_host_alias=i686-pc-linux-gnu
ac_cv_objext=o
ac_cv_path_install='/usr/bin/install -c'
ac_cv_prog_AWK=gawk
ac_cv_prog_CPP='gcc -E'
ac_cv_prog_ac_ct_CC=gcc
ac_cv_prog_cc_g=yes
ac_cv_prog_cc_stdc=
ac_cv_prog_egrep='grep -E'
ac_cv_prog_make_make_set=yes
am_cv_CC_dependencies_compiler_type=gcc3
lt_cv_deplibs_check_method=pass_all
lt_cv_file_magic_cmd='$MAGIC_CMD'
lt_cv_file_magic_test_file='/lib/libc.so.6 /lib/libc-2.14.1.so'
lt_cv_ld_reload_flag=-r
lt_cv_path_LD=/usr/i586-suse-linux/bin/ld
lt_cv_path_NM='/usr/bin/nm -B'
lt_cv_path_SED=/usr/bin/sed
lt_cv_prog_gnu_ld=yes

## ----------------- ##
## Output variables. ##
## ----------------- ##

ACLOCAL='${SHELL} /home/elchaschab/devel/LoungeMC/build/xosd-2.2.14/missing --run aclocal-1.9'
AMDEPBACKSLASH='\'
AMDEP_FALSE='#'
AMDEP_TRUE=''
AMTAR='${SHELL} /home/elchaschab/devel/LoungeMC/build/xosd-2.2.14/missing --run tar'
AR=''
AUTOCONF='${SHELL} /home/elchaschab/devel/LoungeMC/build/xosd-2.2.14/missing --run autoconf'
AUTOHEADER='${SHELL} /home/elchaschab/devel/LoungeMC/build/xosd-2.2.14/missing --run autoheader'
AUTOMAKE='${SHELL} /home/elchaschab/devel/LoungeMC/build/xosd-2.2.14/missing --run automake-1.9'
AWK='gawk'
BMP_CFLAGS=''
BMP_GENERAL_PLUGIN_DIR=''
BMP_LIBS=''
BUILD_BEEP_MEDIA_PLUGIN_FALSE=''
BUILD_BEEP_MEDIA_PLUGIN_TRUE=''
BUILD_NEW_PLUGIN_FALSE=''
BUILD_NEW_PLUGIN_TRUE=''
BUILD_OLD_PLUGIN_FALSE=''
BUILD_OLD_PLUGIN_TRUE=''
CC='gcc'
CCDEPMODE='depmode=gcc3'
CFLAGS='-g -O2'
CPP='gcc -E'
CPPFLAGS=''
CXX=''
CXXCPP=''
CXXDEPMODE=''
CXXFLAGS=''
CYGPATH_W='echo'
DEFS=''
DEPDIR='.deps'
ECHO='echo'
ECHO_C=''
ECHO_N='-n'
ECHO_T=''
EGREP='grep -E'
EXEEXT=''
F77=''
FFLAGS=''
GDK_PIXBUF_CFLAGS=''
GDK_PIXBUF_CONFIG=''
GDK_PIXBUF_LIBS=''
GTK_CFLAGS=''
GTK_CONFIG=''
GTK_LIBS=''
INSTALL_DATA='${INSTALL} -m 644'
INSTALL_PROGRAM='${INSTALL}'
INSTALL_SCRIPT='${INSTALL}'
INSTALL_STRIP_PROGRAM='${SHELL} $(install_sh) -c -s'
LDFLAGS=''
LIBOBJS=''
LIBS=''
LIBTOOL=''
LN_S='ln -s'
LTLIBOBJS=''
LT_AGE='2'
LT_CURRENT='4'
LT_REVISION='14'
M4DATADIR=''
MAINT='#'
MAINTAINER_MODE_FALSE=''
MAINTAINER_MODE_TRUE='#'
MAKEINFO='${SHELL} /home/elchaschab/devel/LoungeMC/build/xosd-2.2.14/missing --run makeinfo'
OBJEXT='o'
PACKAGE='xosd'
PACKAGE_BUGREPORT=''
PACKAGE_NAME='xosd'
PACKAGE_STRING='xosd 2.2.14'
PACKAGE_TARNAME='xosd'
PACKAGE_VERSION='2.2.14'
PATH_SEPARATOR=':'
PKG_CONFIG=''
RANLIB=''
SET_MAKE=''
SHELL='/bin/sh'
STRIP=''
VERSION='2.2.14'
XMMS_CFLAGS=''
XMMS_CONFIG='no'
XMMS_DATA_DIR=''
XMMS_EFFECT_PLUGIN_DIR=''
XMMS_GENERAL_PLUGIN_DIR=''
XMMS_INPUT_PLUGIN_DIR=''
XMMS_LIBS=''
XMMS_OUTPUT_PLUGIN_DIR=''
XMMS_PIXMAPDIR=''
XMMS_PLUGIN_DIR=''
XMMS_VERSION=''
XMMS_VISUALIZATION_PLUGIN_DIR=''
X_CFLAGS=''
X_EXTRA_LIBS=''
X_LIBS=''
X_PRE_LIBS=''
ac_ct_AR=''
ac_ct_CC='gcc'
ac_ct_CXX=''
ac_ct_F77=''
ac_ct_RANLIB=''
ac_ct_STRIP=''
am__fastdepCC_FALSE='#'
am__fastdepCC_TRUE=''
am__fastdepCXX_FALSE=''
am__fastdepCXX_TRUE=''
am__include='include'
am__leading_dot='.'
am__quote=''
am__tar='${AMTAR} chof - "$$tardir"'
am__untar='${AMTAR} xf -'
bindir='${exec_prefix}/bin'
build='i686-pc-linux-gnu'
build_alias=''
build_cpu='i686'
build_os='linux-gnu'
build_vendor='pc'
datadir='${prefix}/share'
exec_prefix='NONE'
host='i686-pc-linux-gnu'
host_alias=''
host_cpu='i686'
host_os='linux-gnu'
host_vendor='pc'
includedir='${prefix}/include'
infodir='${prefix}/info'
install_sh='/home/elchaschab/devel/LoungeMC/build/xosd-2.2.14/install-sh'
libdir='${exec_prefix}/lib'
libexecdir='${exec_prefix}/lib'
localstatedir='${prefix}/var'
mandir='${prefix}/man'
mkdir_p='mkdir -p --'
oldincludedir='/usr/include'
prefix='NONE'
program_transform_name='s,x,x,'
sbindir='${exec_prefix}/sbin'
sharedstatedir='${prefix}/com'
sysconfdir='${prefix}/etc'
target_alias=''

## ----------- ##
## confdefs.h. ##
## ----------- ##

#define HAVE_SYS_TYPES_H 1
#define PACKAGE_BUGREPORT ""
#define PACKAGE_NAME "xosd"
#define PACKAGE_STRING "xosd 2.2.14"
#define PACKAGE_TARNAME "xosd"
#define PACKAGE_VERSION "2.2.14"
#define STDC_HEADERS 1

configure: caught signal 2
configure: exit 1

## ---------------------- ##
## Running config.status. ##
## ---------------------- ##

This file was extended by xosd config.status 2.2.14, which was
generated by GNU Autoconf 2.59.  Invocation command line was

  CONFIG_FILES    = 
  CONFIG_HEADERS  = 
  CONFIG_LINKS    = 
  CONFIG_COMMANDS = 
  $ ./config.status 

on nudelholz.site

config.status:757: creating Makefile
config.status:757: creating src/Makefile
config.status:757: creating src/libxosd/Makefile
config.status:757: creating src/xmms_plugin/Makefile
config.status:757: creating src/bmp_plugin/Makefile
config.status:757: creating macros/Makefile
config.status:757: creating man/Makefile
config.status:757: creating pixmaps/Makefile
config.status:757: creating script/Makefile
config.status:757: creating script/xosd-config
config.status:757: creating xosd.spec
config.status:940: executing depfiles commands
config.status:940: executing default commands
